-------------------------------------------------------------------------------
Test set: stepsDefinition.TestRunner
-------------------------------------------------------------------------------
Tests run: 15, Failures: 4, Errors: 2, Skipped: 0, Time elapsed: 142.3 s <<< FAILURE! -- in stepsDefinition.TestRunner
As an administrator I want to add a user to the list of users.Add a new user to the list of users -- Time elapsed: 5.629 s <<< FAILURE!
java.lang.AssertionError: the actual text does not contain the expected text
	at stepsDefinition.AddStepDef.user_is_added(AddStepDef.java:44)
	at ✽.User is added(file:///C:/Users/fbesbes/Desktop/SeleniumCucumberProjetFinal/SeleniumCucumber/src/test/resources/features/Add.feature:16)

As an administrator I want to add a user to the list of users.Verify adding a user with incorrect first and last names -- Time elapsed: 4.235 s <<< FAILURE!
java.lang.AssertionError: the actual text does not contain the expected text
	at stepsDefinition.AddStepDef.adding_the_user2_fails(AddStepDef.java:56)
	at ✽.Adding the user2 fails(file:///C:/Users/fbesbes/Desktop/SeleniumCucumberProjetFinal/SeleniumCucumber/src/test/resources/features/Add.feature:29)

As an administrator I want to add a user to the list of users.Verify adding a new Admin user -- Time elapsed: 4.075 s <<< FAILURE!
java.lang.AssertionError: the actual text does not contain the expected text
	at stepsDefinition.AddStepDef.admin_is_added(AddStepDef.java:87)
	at ✽.Admin is added(file:///C:/Users/fbesbes/Desktop/SeleniumCucumberProjetFinal/SeleniumCucumber/src/test/resources/features/Add.feature:55)

displaying the users page.Verify that list of user display -- Time elapsed: 43.84 s <<< ERROR!
org.openqa.selenium.NoSuchElementException: 
no such element: Unable to locate element: {"method":"xpath","selector":"//th[contains(text(),'PrÃ©nom')]"}
  (Session info: chrome=119.0.6045.160)
For documentation on this error, please visit: https://www.seleniumhq.org/exceptions/no_such_element.html
Build info: version: '3.141.59', revision: 'e82be7d358', time: '2018-11-14T08:17:03'
System info: host: 'TALAN-6RL2VVA', ip: '10.2.1.141', os.name: 'Windows 11', os.arch: 'amd64', os.version: '10.0', java.version: '17.0.9'
Driver info: org.openqa.selenium.chrome.ChromeDriver
Capabilities {acceptInsecureCerts: false, browserName: chrome, browserVersion: 119.0.6045.160, chrome: {chromedriverVersion: 119.0.6045.105 (38c72552c5e..., userDataDir: C:\Users\fbesbes\AppData\Lo...}, fedcm:accounts: true, goog:chromeOptions: {debuggerAddress: localhost:59629}, javascriptEnabled: true, networkConnectionEnabled: false, pageLoadStrategy: normal, platform: WINDOWS, platformName: WINDOWS, proxy: Proxy(), setWindowRect: true, strictFileInteractability: false, timeouts: {implicit: 0, pageLoad: 300000, script: 30000}, unhandledPromptBehavior: dismiss and notify, webauthn:extension:credBlob: true, webauthn:extension:largeBlob: true, webauthn:extension:minPinLength: true, webauthn:extension:prf: true, webauthn:virtualAuthenticators: true}
Session ID: 7d256ee7b7a9251a1c8255a5936bf914
*** Element info: {Using=xpath, value=//th[contains(text(),'PrÃ©nom')]}
	at java.base/jdk.internal.reflect.NativeConstructorAccessorImpl.newInstance0(Native Method)
	at java.base/jdk.internal.reflect.NativeConstructorAccessorImpl.newInstance(NativeConstructorAccessorImpl.java:77)
	at java.base/jdk.internal.reflect.DelegatingConstructorAccessorImpl.newInstance(DelegatingConstructorAccessorImpl.java:45)
	at java.base/java.lang.reflect.Constructor.newInstanceWithCaller(Constructor.java:499)
	at java.base/java.lang.reflect.Constructor.newInstance(Constructor.java:480)
	at org.openqa.selenium.remote.http.W3CHttpResponseCodec.createException(W3CHttpResponseCodec.java:187)
	at org.openqa.selenium.remote.http.W3CHttpResponseCodec.decode(W3CHttpResponseCodec.java:122)
	at org.openqa.selenium.remote.http.W3CHttpResponseCodec.decode(W3CHttpResponseCodec.java:49)
	at org.openqa.selenium.remote.HttpCommandExecutor.execute(HttpCommandExecutor.java:158)
	at org.openqa.selenium.remote.service.DriverCommandExecutor.execute(DriverCommandExecutor.java:83)
	at org.openqa.selenium.remote.RemoteWebDriver.execute(RemoteWebDriver.java:552)
	at org.openqa.selenium.remote.RemoteWebDriver.findElement(RemoteWebDriver.java:323)
	at org.openqa.selenium.remote.RemoteWebDriver.findElementByXPath(RemoteWebDriver.java:428)
	at org.openqa.selenium.By$ByXPath.findElement(By.java:353)
	at org.openqa.selenium.remote.RemoteWebDriver.findElement(RemoteWebDriver.java:315)
	at pages.DisplayPage.CheckFirstname(DisplayPage.java:31)
	at stepsDefinition.DisplayStepDef.check_that_list_of_users_displayed(DisplayStepDef.java:22)
	at ✽.check that list of users displayed(file:///C:/Users/fbesbes/Desktop/SeleniumCucumberProjetFinal/SeleniumCucumber/src/test/resources/features/Display.feature:11)

Pagination.Verify the presence of pagination and navigate through the user list #1 -- Time elapsed: 3.745 s <<< FAILURE!
java.lang.AssertionError: the current text  contain the predicted text
	at stepsDefinition.PaginationStepDef.administrator_should_be_on_the_next_page_of_the_user_list(PaginationStepDef.java:28)
	at ✽.Administrator should be on the nextPage of the user list(file:///C:/Users/fbesbes/Desktop/SeleniumCucumberProjetFinal/SeleniumCucumber/src/test/resources/features/PaginationCucumber.feature:14)

Search.Verify searching for a name in a table on different pages -- Time elapsed: 43.62 s <<< ERROR!
org.openqa.selenium.NoSuchElementException: 
no such element: Unable to locate element: {"method":"xpath","selector":"//td[contains(text(),"Pas d'utilisateurs trouvÃ©s.")]"}
  (Session info: chrome=119.0.6045.160)
For documentation on this error, please visit: https://www.seleniumhq.org/exceptions/no_such_element.html
Build info: version: '3.141.59', revision: 'e82be7d358', time: '2018-11-14T08:17:03'
System info: host: 'TALAN-6RL2VVA', ip: '10.2.1.141', os.name: 'Windows 11', os.arch: 'amd64', os.version: '10.0', java.version: '17.0.9'
Driver info: org.openqa.selenium.chrome.ChromeDriver
Capabilities {acceptInsecureCerts: false, browserName: chrome, browserVersion: 119.0.6045.160, chrome: {chromedriverVersion: 119.0.6045.105 (38c72552c5e..., userDataDir: C:\Users\fbesbes\AppData\Lo...}, fedcm:accounts: true, goog:chromeOptions: {debuggerAddress: localhost:59884}, javascriptEnabled: true, networkConnectionEnabled: false, pageLoadStrategy: normal, platform: WINDOWS, platformName: WINDOWS, proxy: Proxy(), setWindowRect: true, strictFileInteractability: false, timeouts: {implicit: 0, pageLoad: 300000, script: 30000}, unhandledPromptBehavior: dismiss and notify, webauthn:extension:credBlob: true, webauthn:extension:largeBlob: true, webauthn:extension:minPinLength: true, webauthn:extension:prf: true, webauthn:virtualAuthenticators: true}
Session ID: d9afbb8007fd01eedcde21d824a1a3b5
*** Element info: {Using=xpath, value=//td[contains(text(),"Pas d'utilisateurs trouvÃ©s.")]}
	at java.base/jdk.internal.reflect.NativeConstructorAccessorImpl.newInstance0(Native Method)
	at java.base/jdk.internal.reflect.NativeConstructorAccessorImpl.newInstance(NativeConstructorAccessorImpl.java:77)
	at java.base/jdk.internal.reflect.DelegatingConstructorAccessorImpl.newInstance(DelegatingConstructorAccessorImpl.java:45)
	at java.base/java.lang.reflect.Constructor.newInstanceWithCaller(Constructor.java:499)
	at java.base/java.lang.reflect.Constructor.newInstance(Constructor.java:480)
	at org.openqa.selenium.remote.http.W3CHttpResponseCodec.createException(W3CHttpResponseCodec.java:187)
	at org.openqa.selenium.remote.http.W3CHttpResponseCodec.decode(W3CHttpResponseCodec.java:122)
	at org.openqa.selenium.remote.http.W3CHttpResponseCodec.decode(W3CHttpResponseCodec.java:49)
	at org.openqa.selenium.remote.HttpCommandExecutor.execute(HttpCommandExecutor.java:158)
	at org.openqa.selenium.remote.service.DriverCommandExecutor.execute(DriverCommandExecutor.java:83)
	at org.openqa.selenium.remote.RemoteWebDriver.execute(RemoteWebDriver.java:552)
	at org.openqa.selenium.remote.RemoteWebDriver.findElement(RemoteWebDriver.java:323)
	at org.openqa.selenium.remote.RemoteWebDriver.findElementByXPath(RemoteWebDriver.java:428)
	at org.openqa.selenium.By$ByXPath.findElement(By.java:353)
	at org.openqa.selenium.remote.RemoteWebDriver.findElement(RemoteWebDriver.java:315)
	at pages.SearchPage.getUserListText5(SearchPage.java:58)
	at stepsDefinition.SearchStepDef.display_the_user_list_filtered_by_username(SearchStepDef.java:77)
	at ✽.display the user list filtered by username(file:///C:/Users/fbesbes/Desktop/SeleniumCucumberProjetFinal/SeleniumCucumber/src/test/resources/features/Search.feature:39)

